# JRE version: OpenJDK Runtime Environment Temurin-21.0.5+11 (21.0.5+11) (build 21.0.5+11-LTS)
# Java VM: OpenJDK 64-Bit Server VM Temurin-21.0.5+11 (21.0.5+11-LTS, mixed mode, sharing, tiered, compressed oops, compressed class ptrs, g1 gc, windows-amd64)
GC Precious Log:
 CardTable entry size: 512
 Card Set container configuration: InlinePtr #cards 4 size 8 Array Of Cards #cards 16 size 48 Howl #buckets 8 coarsen threshold 3686 Howl Bitmap #cards 512 size 80 coarsen threshold 460 Card regions per heap region 1 cards per card region 4096
 CPUs: 4 total, 4 available
 Memory: 16264M
 Large Page Support: Disabled
 NUMA Support: Disabled
 Compressed Oops: Enabled (Zero based)
 Heap Region Size: 2M
 Heap Min Capacity: 8M
 Heap Initial Capacity: 256M
 Heap Max Capacity: 4068M
 Pre-touch: Disabled
 Parallel Workers: 4
 Concurrent Workers: 1
 Concurrent Refinement Workers: 4
 Periodic GC: Disabled
Heap:
 garbage-first heap   total 92160K, used 66012K [0x0000000701c00000, 0x0000000800000000)
  region size 2048K, 22 young (45056K), 4 survivors (8192K)
 Metaspace       used 73257K, committed 73984K, reserved 1114112K
  class space    used 9581K, committed 9920K, reserved 1048576K
GC Heap History (20 events):
Event: 5.478 GC heap before
{Heap before GC invocations=9 (full 0):
 garbage-first heap   total 159744K, used 70197K [0x0000000701c00000, 0x0000000800000000)
  region size 2048K, 29 young (59392K), 2 survivors (4096K)
 Metaspace       used 35429K, committed 35968K, reserved 1114112K
  class space    used 4356K, committed 4608K, reserved 1048576K
}
Event: 5.484 GC heap after
{Heap after GC invocations=10 (full 0):
 garbage-first heap   total 159744K, used 20754K [0x0000000701c00000, 0x0000000800000000)
  region size 2048K, 3 young (6144K), 3 survivors (6144K)
 Metaspace       used 35429K, committed 35968K, reserved 1114112K
  class space    used 4356K, committed 4608K, reserved 1048576K
}
Event: 5.943 GC heap before
{Heap before GC invocations=11 (full 0):
 garbage-first heap   total 75776K, used 59666K [0x0000000701c00000, 0x0000000800000000)
  region size 2048K, 23 young (47104K), 3 survivors (6144K)
 Metaspace       used 38807K, committed 39424K, reserved 1114112K
  class space    used 4942K, committed 5248K, reserved 1048576K
}
Event: 5.950 GC heap after
{Heap after GC invocations=12 (full 0):
 garbage-first heap   total 75776K, used 21652K [0x0000000701c00000, 0x0000000800000000)
  region size 2048K, 2 young (4096K), 2 survivors (4096K)
 Metaspace       used 38807K, committed 39424K, reserved 1114112K
  class space    used 4942K, committed 5248K, reserved 1048576K
}
Event: 6.900 GC heap before
{Heap before GC invocations=12 (full 0):
 garbage-first heap   total 75776K, used 62612K [0x0000000701c00000, 0x0000000800000000)
  region size 2048K, 22 young (45056K), 2 survivors (4096K)
 Metaspace       used 45880K, committed 46464K, reserved 1114112K
  class space    used 5751K, committed 6016K, reserved 1048576K
}
Event: 6.906 GC heap after
{Heap after GC invocations=13 (full 0):
 garbage-first heap   total 75776K, used 22600K [0x0000000701c00000, 0x0000000800000000)
  region size 2048K, 3 young (6144K), 3 survivors (6144K)
 Metaspace       used 45880K, committed 46464K, reserved 1114112K
  class space    used 5751K, committed 6016K, reserved 1048576K
}
Event: 7.485 GC heap before
{Heap before GC invocations=13 (full 0):
 garbage-first heap   total 75776K, used 59464K [0x0000000701c00000, 0x0000000800000000)
  region size 2048K, 21 young (43008K), 3 survivors (6144K)
 Metaspace       used 49628K, committed 50176K, reserved 1114112K
  class space    used 6263K, committed 6528K, reserved 1048576K
}
Event: 7.491 GC heap after
{Heap after GC invocations=14 (full 0):
 garbage-first heap   total 75776K, used 24135K [0x0000000701c00000, 0x0000000800000000)
  region size 2048K, 2 young (4096K), 2 survivors (4096K)
 Metaspace       used 49628K, committed 50176K, reserved 1114112K
  class space    used 6263K, committed 6528K, reserved 1048576K
}
Event: 8.040 GC heap before
{Heap before GC invocations=14 (full 0):
 garbage-first heap   total 75776K, used 60999K [0x0000000701c00000, 0x0000000800000000)
  region size 2048K, 21 young (43008K), 2 survivors (4096K)
 Metaspace       used 53449K, committed 54080K, reserved 1114112K
  class space    used 6696K, committed 6976K, reserved 1048576K
}
Event: 8.045 GC heap after
{Heap after GC invocations=15 (full 0):
 garbage-first heap   total 75776K, used 24968K [0x0000000701c00000, 0x0000000800000000)
  region size 2048K, 2 young (4096K), 2 survivors (4096K)
 Metaspace       used 53449K, committed 54080K, reserved 1114112K
  class space    used 6696K, committed 6976K, reserved 1048576K
}
Event: 8.665 GC heap before
{Heap before GC invocations=15 (full 0):
 garbage-first heap   total 75776K, used 63880K [0x0000000701c00000, 0x0000000800000000)
  region size 2048K, 21 young (43008K), 2 survivors (4096K)
 Metaspace       used 58175K, committed 58688K, reserved 1114112K
  class space    used 7499K, committed 7744K, reserved 1048576K
}
Event: 8.671 GC heap after
{Heap after GC invocations=16 (full 0):
 garbage-first heap   total 75776K, used 25554K [0x0000000701c00000, 0x0000000800000000)
  region size 2048K, 2 young (4096K), 2 survivors (4096K)
 Metaspace       used 58175K, committed 58688K, reserved 1114112K
  class space    used 7499K, committed 7744K, reserved 1048576K
}
Event: 8.952 GC heap before
{Heap before GC invocations=16 (full 0):
 garbage-first heap   total 75776K, used 41938K [0x0000000701c00000, 0x0000000800000000)
  region size 2048K, 11 young (22528K), 2 survivors (4096K)
 Metaspace       used 59844K, committed 60416K, reserved 1114112K
  class space    used 7737K, committed 8000K, reserved 1048576K
}
Event: 8.956 GC heap after
{Heap after GC invocations=17 (full 0):
 garbage-first heap   total 75776K, used 25882K [0x0000000701c00000, 0x0000000800000000)
  region size 2048K, 2 young (4096K), 2 survivors (4096K)
 Metaspace       used 59844K, committed 60416K, reserved 1114112K
  class space    used 7737K, committed 8000K, reserved 1048576K
}
Event: 9.622 GC heap before
{Heap before GC invocations=18 (full 0):
 garbage-first heap   total 75776K, used 62746K [0x0000000701c00000, 0x0000000800000000)
  region size 2048K, 20 young (40960K), 2 survivors (4096K)
 Metaspace       used 63237K, committed 63936K, reserved 1114112K
  class space    used 8220K, committed 8512K, reserved 1048576K
}
Event: 9.629 GC heap after
{Heap after GC invocations=19 (full 0):
 garbage-first heap   total 75776K, used 27030K [0x0000000701c00000, 0x0000000800000000)
  region size 2048K, 3 young (6144K), 3 survivors (6144K)
 Metaspace       used 63237K, committed 63936K, reserved 1114112K
  class space    used 8220K, committed 8512K, reserved 1048576K
}
Event: 10.121 GC heap before
{Heap before GC invocations=19 (full 0):
 garbage-first heap   total 75776K, used 59798K [0x0000000701c00000, 0x0000000800000000)
  region size 2048K, 19 young (38912K), 3 survivors (6144K)
 Metaspace       used 66504K, committed 67200K, reserved 1114112K
  class space    used 8660K, committed 8960K, reserved 1048576K
}
Event: 10.129 GC heap after
{Heap after GC invocations=20 (full 0):
 garbage-first heap   total 92160K, used 27958K [0x0000000701c00000, 0x0000000800000000)
  region size 2048K, 3 young (6144K), 3 survivors (6144K)
 Metaspace       used 66504K, committed 67200K, reserved 1114112K
  class space    used 8660K, committed 8960K, reserved 1048576K
}
Event: 11.368 GC heap before
{Heap before GC invocations=20 (full 0):
 garbage-first heap   total 92160K, used 77110K [0x0000000701c00000, 0x0000000800000000)
  region size 2048K, 27 young (55296K), 3 survivors (6144K)
 Metaspace       used 70004K, committed 70720K, reserved 1114112K
  class space    used 9164K, committed 9536K, reserved 1048576K
}
Event: 11.375 GC heap after
{Heap after GC invocations=21 (full 0):
 garbage-first heap   total 92160K, used 31196K [0x0000000701c00000, 0x0000000800000000)
  region size 2048K, 4 young (8192K), 4 survivors (8192K)
 Metaspace       used 70004K, committed 70720K, reserved 1114112K
  class space    used 9164K, committed 9536K, reserved 1048576K
}

